<?xml version="1.0" encoding="UTF-8" ?>
<testsuite failures="0" time="0.519" errors="0" skipped="0" tests="2" name="TestSuite">
  <properties>
    <property name="java.runtime.name" value="Java(TM) SE Runtime Environment"/>
    <property name="sun.boot.library.path" value="/usr/lib/jvm/java-6-sun-1.6.0.26/jre/lib/i386"/>
    <property name="java.vm.version" value="20.1-b02"/>
    <property name="java.vm.vendor" value="Sun Microsystems Inc."/>
    <property name="java.vendor.url" value="http://java.sun.com/"/>
    <property name="path.separator" value=":"/>
    <property name="java.vm.name" value="Java HotSpot(TM) Server VM"/>
    <property name="file.encoding.pkg" value="sun.io"/>
    <property name="user.country" value="IT"/>
    <property name="sun.java.launcher" value="SUN_STANDARD"/>
    <property name="sun.os.patch.level" value="unknown"/>
    <property name="java.vm.specification.name" value="Java Virtual Machine Specification"/>
    <property name="user.dir" value="/home/tash/projects/alit/alit-webapp"/>
    <property name="java.runtime.version" value="1.6.0_26-b03"/>
    <property name="java.awt.graphicsenv" value="sun.awt.X11GraphicsEnvironment"/>
    <property name="basedir" value="/home/tash/projects/alit/alit-webapp"/>
    <property name="java.endorsed.dirs" value="/usr/lib/jvm/java-6-sun-1.6.0.26/jre/lib/endorsed"/>
    <property name="os.arch" value="i386"/>
    <property name="surefire.real.class.path" value="/tmp/surefirebooter1163321594539590375.jar"/>
    <property name="java.io.tmpdir" value="/tmp"/>
    <property name="line.separator" value="
"/>
    <property name="java.vm.specification.vendor" value="Sun Microsystems Inc."/>
    <property name="os.name" value="Linux"/>
    <property name="sun.jnu.encoding" value="UTF-8"/>
    <property name="java.library.path" value="/usr/lib/jvm/java-6-sun-1.6.0.26/jre/lib/i386/server:/usr/lib/jvm/java-6-sun-1.6.0.26/jre/lib/i386:/usr/lib/jvm/java-6-sun-1.6.0.26/jre/../lib/i386:/usr/java/packages/lib/i386:/lib:/usr/lib"/>
    <property name="surefire.test.class.path" value="/home/tash/projects/alit/alit-webapp/target/test-classes:/home/tash/projects/alit/alit-webapp/target/classes:/home/tash/.m2/repository/org/tuckey/urlrewritefilter/3.1.0/urlrewritefilter-3.1.0.jar:/home/tash/.m2/repository/com/google/code/kaptcha/2.3/kaptcha-2.3.jar:/home/tash/.m2/repository/mic/organic-core/0.10.2-SNAPSHOT/organic-core-0.10.2-SNAPSHOT.jar:/home/tash/.m2/repository/org/slf4j/slf4j-api/1.6.1/slf4j-api-1.6.1.jar:/home/tash/.m2/repository/commons-lang/commons-lang/2.5/commons-lang-2.5.jar:/home/tash/.m2/repository/commons-collections/commons-collections/3.2.1/commons-collections-3.2.1.jar:/home/tash/.m2/repository/commons-beanutils/commons-beanutils/1.8.3/commons-beanutils-1.8.3.jar:/home/tash/.m2/repository/commons-io/commons-io/1.4/commons-io-1.4.jar:/home/tash/.m2/repository/commons-vfs/commons-vfs/1.0/commons-vfs-1.0.jar:/home/tash/.m2/repository/org/springframework/spring-aop/3.0.4.RELEASE/spring-aop-3.0.4.RELEASE.jar:/home/tash/.m2/repository/aopalliance/aopalliance/1.0/aopalliance-1.0.jar:/home/tash/.m2/repository/org/springframework/spring-tx/3.0.4.RELEASE/spring-tx-3.0.4.RELEASE.jar:/home/tash/.m2/repository/mic/organic-core/0.10.2-SNAPSHOT/organic-core-0.10.2-SNAPSHOT-tests.jar:/home/tash/.m2/repository/log4j/log4j/1.2.16/log4j-1.2.16.jar:/home/tash/.m2/repository/org/slf4j/jcl-over-slf4j/1.6.1/jcl-over-slf4j-1.6.1.jar:/home/tash/.m2/repository/org/slf4j/slf4j-log4j12/1.6.1/slf4j-log4j12-1.6.1.jar:/home/tash/.m2/repository/cglib/cglib/2.2/cglib-2.2.jar:/home/tash/.m2/repository/asm/asm/3.1/asm-3.1.jar:/home/tash/.m2/repository/org/springframework/spring-context-support/3.0.4.RELEASE/spring-context-support-3.0.4.RELEASE.jar:/home/tash/.m2/repository/org/springframework/spring-beans/3.0.4.RELEASE/spring-beans-3.0.4.RELEASE.jar:/home/tash/.m2/repository/org/springframework/spring-context/3.0.4.RELEASE/spring-context-3.0.4.RELEASE.jar:/home/tash/.m2/repository/org/springframework/spring-core/3.0.4.RELEASE/spring-core-3.0.4.RELEASE.jar:/home/tash/.m2/repository/org/springframework/spring-webmvc/3.0.4.RELEASE/spring-webmvc-3.0.4.RELEASE.jar:/home/tash/.m2/repository/org/springframework/spring-asm/3.0.4.RELEASE/spring-asm-3.0.4.RELEASE.jar:/home/tash/.m2/repository/org/springframework/spring-expression/3.0.4.RELEASE/spring-expression-3.0.4.RELEASE.jar:/home/tash/.m2/repository/org/springframework/spring-web/3.0.4.RELEASE/spring-web-3.0.4.RELEASE.jar:/home/tash/.m2/repository/org/springframework/security/spring-security-core/3.0.3.RELEASE/spring-security-core-3.0.3.RELEASE.jar:/home/tash/.m2/repository/org/springframework/security/spring-security-config/3.0.3.RELEASE/spring-security-config-3.0.3.RELEASE.jar:/home/tash/.m2/repository/org/springframework/security/spring-security-web/3.0.3.RELEASE/spring-security-web-3.0.3.RELEASE.jar:/home/tash/.m2/repository/org/springframework/spring-jdbc/3.0.4.RELEASE/spring-jdbc-3.0.4.RELEASE.jar:/home/tash/.m2/repository/org/springframework/spring-orm/3.0.4.RELEASE/spring-orm-3.0.4.RELEASE.jar:/home/tash/.m2/repository/org/hibernate/javax/persistence/hibernate-jpa-2.0-api/1.0.0.Final/hibernate-jpa-2.0-api-1.0.0.Final.jar:/home/tash/.m2/repository/org/hibernate/hibernate-entitymanager/3.6.0.Final/hibernate-entitymanager-3.6.0.Final.jar:/home/tash/.m2/repository/org/hibernate/hibernate-core/3.6.0.Final/hibernate-core-3.6.0.Final.jar:/home/tash/.m2/repository/antlr/antlr/2.7.6/antlr-2.7.6.jar:/home/tash/.m2/repository/dom4j/dom4j/1.6.1/dom4j-1.6.1.jar:/home/tash/.m2/repository/org/hibernate/hibernate-commons-annotations/3.2.0.Final/hibernate-commons-annotations-3.2.0.Final.jar:/home/tash/.m2/repository/javassist/javassist/3.12.0.GA/javassist-3.12.0.GA.jar:/home/tash/.m2/repository/org/aspectj/aspectjrt/1.6.9/aspectjrt-1.6.9.jar:/home/tash/.m2/repository/org/aspectj/aspectjweaver/1.6.9/aspectjweaver-1.6.9.jar:/home/tash/.m2/repository/ognl/ognl/2.7.3/ognl-2.7.3.jar:/home/tash/.m2/repository/opensymphony/sitemesh/2.3/sitemesh-2.3.jar:/home/tash/.m2/repository/org/freemarker/freemarker/2.3.16/freemarker-2.3.16.jar:/home/tash/.m2/repository/org/apache/struts/struts2-core/2.1.8.1/struts2-core-2.1.8.1.jar:/home/tash/.m2/repository/com/opensymphony/xwork-core/2.1.6/xwork-core-2.1.6.jar:/home/tash/.m2/repository/commons-fileupload/commons-fileupload/1.2.1/commons-fileupload-1.2.1.jar:/usr/lib/jvm/java-6-sun-1.6.0.26/jre/../lib/tools.jar:/home/tash/.m2/repository/org/apache/struts/struts2-json-plugin/2.1.8.1/struts2-json-plugin-2.1.8.1.jar:/home/tash/.m2/repository/org/apache/struts/struts2-codebehind-plugin/2.1.8.1/struts2-codebehind-plugin-2.1.8.1.jar:/home/tash/.m2/repository/org/apache/struts/struts2-spring-plugin/2.1.8.1/struts2-spring-plugin-2.1.8.1.jar:/home/tash/.m2/repository/org/apache/struts/struts2-sitemesh-plugin/2.1.8.1/struts2-sitemesh-plugin-2.1.8.1.jar:/home/tash/.m2/repository/org/dojotoolkit/dojo/1.5.0/dojo-1.5.0-mic.jar:/home/tash/.m2/repository/javax/servlet/servlet-api/2.5/servlet-api-2.5.jar:/home/tash/.m2/repository/javax/mail/mail/1.4.1/mail-1.4.1.jar:/home/tash/.m2/repository/javax/activation/activation/1.1/activation-1.1.jar:/home/tash/.m2/repository/javax/servlet/jstl/1.1.0/jstl-1.1.0.jar:/home/tash/.m2/repository/taglibs/standard/1.1.0/standard-1.1.0.jar:/home/tash/.m2/repository/javax/persistence/persistence-api/1.0/persistence-api-1.0.jar:/home/tash/.m2/repository/javax/transaction/jta/1.1/jta-1.1.jar:/home/tash/.m2/repository/javax/media/jai_codec/1.1.3/jai_codec-1.1.3.jar:/home/tash/.m2/repository/javax/media/jai_imageio/1.1-alpha/jai_imageio-1.1-alpha.jar:/home/tash/.m2/repository/javax/media/jai_core/1.1.3/jai_core-1.1.3.jar:/home/tash/.m2/repository/org/springframework/spring-test/3.0.4.RELEASE/spring-test-3.0.4.RELEASE.jar:/home/tash/.m2/repository/org/testng/testng/5.13.1/testng-5.13.1.jar:/home/tash/.m2/repository/junit/junit/4.7/junit-4.7.jar:/home/tash/.m2/repository/org/beanshell/bsh/2.0b4/bsh-2.0b4.jar:/home/tash/.m2/repository/com/google/inject/guice/2.0/guice-2.0.jar:/home/tash/.m2/repository/com/beust/jcommander/1.3/jcommander-1.3.jar:/home/tash/.m2/repository/com/h2database/h2/1.2.140/h2-1.2.140.jar:/home/tash/.m2/repository/commons-dbcp/commons-dbcp/1.4/commons-dbcp-1.4.jar:/home/tash/.m2/repository/commons-pool/commons-pool/1.5.4/commons-pool-1.5.4.jar:"/>
    <property name="java.specification.name" value="Java Platform API Specification"/>
    <property name="java.class.version" value="50.0"/>
    <property name="sun.management.compiler" value="HotSpot Tiered Compilers"/>
    <property name="os.version" value="3.2.0-55-generic-pae"/>
    <property name="user.home" value="/home/tash"/>
    <property name="user.timezone" value="Europe/Rome"/>
    <property name="java.awt.printerjob" value="sun.print.PSPrinterJob"/>
    <property name="file.encoding" value="UTF-8"/>
    <property name="java.specification.version" value="1.6"/>
    <property name="user.name" value="tash"/>
    <property name="java.class.path" value="/home/tash/projects/alit/alit-webapp/target/test-classes:/home/tash/projects/alit/alit-webapp/target/classes:/home/tash/.m2/repository/org/tuckey/urlrewritefilter/3.1.0/urlrewritefilter-3.1.0.jar:/home/tash/.m2/repository/com/google/code/kaptcha/2.3/kaptcha-2.3.jar:/home/tash/.m2/repository/mic/organic-core/0.10.2-SNAPSHOT/organic-core-0.10.2-SNAPSHOT.jar:/home/tash/.m2/repository/org/slf4j/slf4j-api/1.6.1/slf4j-api-1.6.1.jar:/home/tash/.m2/repository/commons-lang/commons-lang/2.5/commons-lang-2.5.jar:/home/tash/.m2/repository/commons-collections/commons-collections/3.2.1/commons-collections-3.2.1.jar:/home/tash/.m2/repository/commons-beanutils/commons-beanutils/1.8.3/commons-beanutils-1.8.3.jar:/home/tash/.m2/repository/commons-io/commons-io/1.4/commons-io-1.4.jar:/home/tash/.m2/repository/commons-vfs/commons-vfs/1.0/commons-vfs-1.0.jar:/home/tash/.m2/repository/org/springframework/spring-aop/3.0.4.RELEASE/spring-aop-3.0.4.RELEASE.jar:/home/tash/.m2/repository/aopalliance/aopalliance/1.0/aopalliance-1.0.jar:/home/tash/.m2/repository/org/springframework/spring-tx/3.0.4.RELEASE/spring-tx-3.0.4.RELEASE.jar:/home/tash/.m2/repository/mic/organic-core/0.10.2-SNAPSHOT/organic-core-0.10.2-SNAPSHOT-tests.jar:/home/tash/.m2/repository/log4j/log4j/1.2.16/log4j-1.2.16.jar:/home/tash/.m2/repository/org/slf4j/jcl-over-slf4j/1.6.1/jcl-over-slf4j-1.6.1.jar:/home/tash/.m2/repository/org/slf4j/slf4j-log4j12/1.6.1/slf4j-log4j12-1.6.1.jar:/home/tash/.m2/repository/cglib/cglib/2.2/cglib-2.2.jar:/home/tash/.m2/repository/asm/asm/3.1/asm-3.1.jar:/home/tash/.m2/repository/org/springframework/spring-context-support/3.0.4.RELEASE/spring-context-support-3.0.4.RELEASE.jar:/home/tash/.m2/repository/org/springframework/spring-beans/3.0.4.RELEASE/spring-beans-3.0.4.RELEASE.jar:/home/tash/.m2/repository/org/springframework/spring-context/3.0.4.RELEASE/spring-context-3.0.4.RELEASE.jar:/home/tash/.m2/repository/org/springframework/spring-core/3.0.4.RELEASE/spring-core-3.0.4.RELEASE.jar:/home/tash/.m2/repository/org/springframework/spring-webmvc/3.0.4.RELEASE/spring-webmvc-3.0.4.RELEASE.jar:/home/tash/.m2/repository/org/springframework/spring-asm/3.0.4.RELEASE/spring-asm-3.0.4.RELEASE.jar:/home/tash/.m2/repository/org/springframework/spring-expression/3.0.4.RELEASE/spring-expression-3.0.4.RELEASE.jar:/home/tash/.m2/repository/org/springframework/spring-web/3.0.4.RELEASE/spring-web-3.0.4.RELEASE.jar:/home/tash/.m2/repository/org/springframework/security/spring-security-core/3.0.3.RELEASE/spring-security-core-3.0.3.RELEASE.jar:/home/tash/.m2/repository/org/springframework/security/spring-security-config/3.0.3.RELEASE/spring-security-config-3.0.3.RELEASE.jar:/home/tash/.m2/repository/org/springframework/security/spring-security-web/3.0.3.RELEASE/spring-security-web-3.0.3.RELEASE.jar:/home/tash/.m2/repository/org/springframework/spring-jdbc/3.0.4.RELEASE/spring-jdbc-3.0.4.RELEASE.jar:/home/tash/.m2/repository/org/springframework/spring-orm/3.0.4.RELEASE/spring-orm-3.0.4.RELEASE.jar:/home/tash/.m2/repository/org/hibernate/javax/persistence/hibernate-jpa-2.0-api/1.0.0.Final/hibernate-jpa-2.0-api-1.0.0.Final.jar:/home/tash/.m2/repository/org/hibernate/hibernate-entitymanager/3.6.0.Final/hibernate-entitymanager-3.6.0.Final.jar:/home/tash/.m2/repository/org/hibernate/hibernate-core/3.6.0.Final/hibernate-core-3.6.0.Final.jar:/home/tash/.m2/repository/antlr/antlr/2.7.6/antlr-2.7.6.jar:/home/tash/.m2/repository/dom4j/dom4j/1.6.1/dom4j-1.6.1.jar:/home/tash/.m2/repository/org/hibernate/hibernate-commons-annotations/3.2.0.Final/hibernate-commons-annotations-3.2.0.Final.jar:/home/tash/.m2/repository/javassist/javassist/3.12.0.GA/javassist-3.12.0.GA.jar:/home/tash/.m2/repository/org/aspectj/aspectjrt/1.6.9/aspectjrt-1.6.9.jar:/home/tash/.m2/repository/org/aspectj/aspectjweaver/1.6.9/aspectjweaver-1.6.9.jar:/home/tash/.m2/repository/ognl/ognl/2.7.3/ognl-2.7.3.jar:/home/tash/.m2/repository/opensymphony/sitemesh/2.3/sitemesh-2.3.jar:/home/tash/.m2/repository/org/freemarker/freemarker/2.3.16/freemarker-2.3.16.jar:/home/tash/.m2/repository/org/apache/struts/struts2-core/2.1.8.1/struts2-core-2.1.8.1.jar:/home/tash/.m2/repository/com/opensymphony/xwork-core/2.1.6/xwork-core-2.1.6.jar:/home/tash/.m2/repository/commons-fileupload/commons-fileupload/1.2.1/commons-fileupload-1.2.1.jar:/usr/lib/jvm/java-6-sun-1.6.0.26/jre/../lib/tools.jar:/home/tash/.m2/repository/org/apache/struts/struts2-json-plugin/2.1.8.1/struts2-json-plugin-2.1.8.1.jar:/home/tash/.m2/repository/org/apache/struts/struts2-codebehind-plugin/2.1.8.1/struts2-codebehind-plugin-2.1.8.1.jar:/home/tash/.m2/repository/org/apache/struts/struts2-spring-plugin/2.1.8.1/struts2-spring-plugin-2.1.8.1.jar:/home/tash/.m2/repository/org/apache/struts/struts2-sitemesh-plugin/2.1.8.1/struts2-sitemesh-plugin-2.1.8.1.jar:/home/tash/.m2/repository/org/dojotoolkit/dojo/1.5.0/dojo-1.5.0-mic.jar:/home/tash/.m2/repository/javax/servlet/servlet-api/2.5/servlet-api-2.5.jar:/home/tash/.m2/repository/javax/mail/mail/1.4.1/mail-1.4.1.jar:/home/tash/.m2/repository/javax/activation/activation/1.1/activation-1.1.jar:/home/tash/.m2/repository/javax/servlet/jstl/1.1.0/jstl-1.1.0.jar:/home/tash/.m2/repository/taglibs/standard/1.1.0/standard-1.1.0.jar:/home/tash/.m2/repository/javax/persistence/persistence-api/1.0/persistence-api-1.0.jar:/home/tash/.m2/repository/javax/transaction/jta/1.1/jta-1.1.jar:/home/tash/.m2/repository/javax/media/jai_codec/1.1.3/jai_codec-1.1.3.jar:/home/tash/.m2/repository/javax/media/jai_imageio/1.1-alpha/jai_imageio-1.1-alpha.jar:/home/tash/.m2/repository/javax/media/jai_core/1.1.3/jai_core-1.1.3.jar:/home/tash/.m2/repository/org/springframework/spring-test/3.0.4.RELEASE/spring-test-3.0.4.RELEASE.jar:/home/tash/.m2/repository/org/testng/testng/5.13.1/testng-5.13.1.jar:/home/tash/.m2/repository/junit/junit/4.7/junit-4.7.jar:/home/tash/.m2/repository/org/beanshell/bsh/2.0b4/bsh-2.0b4.jar:/home/tash/.m2/repository/com/google/inject/guice/2.0/guice-2.0.jar:/home/tash/.m2/repository/com/beust/jcommander/1.3/jcommander-1.3.jar:/home/tash/.m2/repository/com/h2database/h2/1.2.140/h2-1.2.140.jar:/home/tash/.m2/repository/commons-dbcp/commons-dbcp/1.4/commons-dbcp-1.4.jar:/home/tash/.m2/repository/commons-pool/commons-pool/1.5.4/commons-pool-1.5.4.jar:"/>
    <property name="java.vm.specification.version" value="1.0"/>
    <property name="sun.arch.data.model" value="32"/>
    <property name="java.home" value="/usr/lib/jvm/java-6-sun-1.6.0.26/jre"/>
    <property name="sun.java.command" value="/tmp/surefirebooter1163321594539590375.jar /tmp/surefire5488304329822302884tmp /tmp/surefire2039003210268245689tmp"/>
    <property name="java.specification.vendor" value="Sun Microsystems Inc."/>
    <property name="user.language" value="it"/>
    <property name="java.vm.info" value="mixed mode"/>
    <property name="java.version" value="1.6.0_26"/>
    <property name="java.ext.dirs" value="/usr/lib/jvm/java-6-sun-1.6.0.26/jre/lib/ext:/usr/java/packages/lib/ext"/>
    <property name="sun.boot.class.path" value="/usr/lib/jvm/java-6-sun-1.6.0.26/jre/lib/resources.jar:/usr/lib/jvm/java-6-sun-1.6.0.26/jre/lib/rt.jar:/usr/lib/jvm/java-6-sun-1.6.0.26/jre/lib/sunrsasign.jar:/usr/lib/jvm/java-6-sun-1.6.0.26/jre/lib/jsse.jar:/usr/lib/jvm/java-6-sun-1.6.0.26/jre/lib/jce.jar:/usr/lib/jvm/java-6-sun-1.6.0.26/jre/lib/charsets.jar:/usr/lib/jvm/java-6-sun-1.6.0.26/jre/lib/modules/jdk.boot.jar:/usr/lib/jvm/java-6-sun-1.6.0.26/jre/classes"/>
    <property name="java.vendor" value="Sun Microsystems Inc."/>
    <property name="localRepository" value="/home/tash/.m2/repository"/>
    <property name="file.separator" value="/"/>
    <property name="java.vendor.url.bug" value="http://java.sun.com/cgi-bin/bugreport.cgi"/>
    <property name="sun.cpu.endian" value="little"/>
    <property name="sun.io.unicode.encoding" value="UnicodeLittle"/>
    <property name="sun.cpu.isalist" value=""/>
  </properties>
  <testcase time="0" classname="anna.alit.mock.UrlRewriteConfigurationTest" name="testRewrite1 on instance testRewrite1"/>
  <testcase time="0.001" classname="anna.alit.mock.UrlRewriteConfigurationTest" name="testRewrite2 on instance testRewrite2"/>
</testsuite>