<?xml version="1.0" encoding="UTF-8"?>
<!-- $Id: test-dao.spring.xml 56 2009-07-07 18:02:27Z michele.bianchi $ -->
<!-- Copyright (c) 2002 [company-name] -->
<!-- All rights reserved. -->
<!-- :xml.validate=true: -->
<beans
 xmlns:xsi="http://www.w3.org/2001/XMLSchema-instance"
 xmlns="http://www.springframework.org/schema/beans"
 xmlns:p="http://www.springframework.org/schema/p"
 xmlns:context="http://www.springframework.org/schema/context"
 xmlns:util="http://www.springframework.org/schema/util"
 xmlns:aop="http://www.springframework.org/schema/aop"
 xmlns:tx="http://www.springframework.org/schema/tx"
 xmlns:jee="http://www.springframework.org/schema/jee"
 xsi:schemaLocation="
  http://www.springframework.org/schema/beans http://www.springframework.org/schema/beans/spring-beans-2.5.xsd
  http://www.springframework.org/schema/context http://www.springframework.org/schema/context/spring-context-2.5.xsd
  http://www.springframework.org/schema/util http://www.springframework.org/schema/util/spring-util-2.5.xsd
  http://www.springframework.org/schema/aop http://www.springframework.org/schema/aop/spring-aop-2.5.xsd
  http://www.springframework.org/schema/tx http://www.springframework.org/schema/tx/spring-tx-2.5.xsd
  http://www.springframework.org/schema/jee http://www.springframework.org/schema/jee/spring-jee-2.5.xsd
  ">

 <!-- ================================================================ -->
 <!--                                                                  -->
 <!-- ================================================================ -->
 <!-- Activates Spring, JSR 250 and JPA annotations -->
 <context:annotation-config/>

 <!-- scans -->
 <context:component-scan base-package="anna.alit.multimedia"/>


 <!-- ================================================================ -->
 <!--                                                                  -->
 <!-- ================================================================ -->
 <!-- properties-->
 <bean class="org.springframework.beans.factory.config.PropertyOverrideConfigurer">
  <property name="properties">
   <value>
    #dataSource.driverClassName=org.postgresql.Driver
    #dataSource.url=jdbc:postgresql://10.0.0.1/mic
    #dataSource.username=mic
    #dataSource.password=ciao
   </value>
  </property>
 </bean>

</beans>